# JRE version: OpenJDK Runtime Environment JBR-17.0.7+7-1000.6-nomod (17.0.7+7) (build 17.0.7+7-b1000.6)
# Java VM: OpenJDK 64-Bit Server VM JBR-17.0.7+7-1000.6-nomod (17.0.7+7-b1000.6, mixed mode, tiered, compressed oops, compressed class ptrs, g1 gc, windows-amd64)
GC Precious Log:
 CPUs: 8 total, 8 available
 Memory: 16026M
 Large Page Support: Disabled
 NUMA Support: Disabled
 Compressed Oops: Enabled (Zero based)
 Heap Region Size: 2M
 Heap Min Capacity: 8M
 Heap Initial Capacity: 252M
 Heap Max Capacity: 4008M
 Pre-touch: Disabled
 Parallel Workers: 8
 Concurrent Workers: 2
 Concurrent Refinement Workers: 8
 Periodic GC: Disabled
Heap:
 garbage-first heap   total 90112K, used 40517K [0x0000000705800000, 0x0000000800000000)
  region size 2048K, 4 young (8192K), 1 survivors (2048K)
 Metaspace       used 85367K, committed 85952K, reserved 1179648K
  class space    used 11499K, committed 11776K, reserved 1048576K
GC Heap History (20 events):
Event: 3.054 GC heap before
{Heap before GC invocations=12 (full 0):
 garbage-first heap   total 69632K, used 50954K [0x0000000705800000, 0x0000000800000000)
  region size 2048K, 16 young (32768K), 1 survivors (2048K)
 Metaspace       used 56661K, committed 57024K, reserved 1114112K
  class space    used 7274K, committed 7424K, reserved 1048576K
}
Event: 3.056 GC heap after
{Heap after GC invocations=13 (full 0):
 garbage-first heap   total 69632K, used 22292K [0x0000000705800000, 0x0000000800000000)
  region size 2048K, 2 young (4096K), 2 survivors (4096K)
 Metaspace       used 56661K, committed 57024K, reserved 1114112K
  class space    used 7274K, committed 7424K, reserved 1048576K
}
Event: 3.198 GC heap before
{Heap before GC invocations=13 (full 0):
 garbage-first heap   total 69632K, used 32532K [0x0000000705800000, 0x0000000800000000)
  region size 2048K, 8 young (16384K), 2 survivors (4096K)
 Metaspace       used 59857K, committed 60288K, reserved 1114112K
  class space    used 7744K, committed 8000K, reserved 1048576K
}
Event: 3.201 GC heap after
{Heap after GC invocations=14 (full 0):
 garbage-first heap   total 69632K, used 23102K [0x0000000705800000, 0x0000000800000000)
  region size 2048K, 1 young (2048K), 1 survivors (2048K)
 Metaspace       used 59857K, committed 60288K, reserved 1114112K
  class space    used 7744K, committed 8000K, reserved 1048576K
}
Event: 3.508 GC heap before
{Heap before GC invocations=15 (full 0):
 garbage-first heap   total 69632K, used 51774K [0x0000000705800000, 0x0000000800000000)
  region size 2048K, 15 young (30720K), 1 survivors (2048K)
 Metaspace       used 64356K, committed 64832K, reserved 1114112K
  class space    used 8576K, committed 8832K, reserved 1048576K
}
Event: 3.509 GC heap after
{Heap after GC invocations=16 (full 0):
 garbage-first heap   total 69632K, used 23940K [0x0000000705800000, 0x0000000800000000)
  region size 2048K, 1 young (2048K), 1 survivors (2048K)
 Metaspace       used 64356K, committed 64832K, reserved 1114112K
  class space    used 8576K, committed 8832K, reserved 1048576K
}
Event: 3.881 GC heap before
{Heap before GC invocations=16 (full 0):
 garbage-first heap   total 69632K, used 52612K [0x0000000705800000, 0x0000000800000000)
  region size 2048K, 15 young (30720K), 1 survivors (2048K)
 Metaspace       used 67837K, committed 68352K, reserved 1114112K
  class space    used 9023K, committed 9280K, reserved 1048576K
}
Event: 3.884 GC heap after
{Heap after GC invocations=17 (full 0):
 garbage-first heap   total 69632K, used 25374K [0x0000000705800000, 0x0000000800000000)
  region size 2048K, 2 young (4096K), 2 survivors (4096K)
 Metaspace       used 67837K, committed 68352K, reserved 1114112K
  class space    used 9023K, committed 9280K, reserved 1048576K
}
Event: 4.198 GC heap before
{Heap before GC invocations=17 (full 0):
 garbage-first heap   total 69632K, used 54046K [0x0000000705800000, 0x0000000800000000)
  region size 2048K, 16 young (32768K), 2 survivors (4096K)
 Metaspace       used 73136K, committed 73664K, reserved 1114112K
  class space    used 9861K, committed 10112K, reserved 1048576K
}
Event: 4.202 GC heap after
{Heap after GC invocations=18 (full 0):
 garbage-first heap   total 69632K, used 27661K [0x0000000705800000, 0x0000000800000000)
  region size 2048K, 2 young (4096K), 2 survivors (4096K)
 Metaspace       used 73136K, committed 73664K, reserved 1114112K
  class space    used 9861K, committed 10112K, reserved 1048576K
}
Event: 4.438 GC heap before
{Heap before GC invocations=18 (full 0):
 garbage-first heap   total 69632K, used 54285K [0x0000000705800000, 0x0000000800000000)
  region size 2048K, 15 young (30720K), 2 survivors (4096K)
 Metaspace       used 75089K, committed 75584K, reserved 1179648K
  class space    used 10124K, committed 10368K, reserved 1048576K
}
Event: 4.442 GC heap after
{Heap after GC invocations=19 (full 0):
 garbage-first heap   total 69632K, used 29304K [0x0000000705800000, 0x0000000800000000)
  region size 2048K, 1 young (2048K), 1 survivors (2048K)
 Metaspace       used 75089K, committed 75584K, reserved 1179648K
  class space    used 10124K, committed 10368K, reserved 1048576K
}
Event: 4.593 GC heap before
{Heap before GC invocations=19 (full 0):
 garbage-first heap   total 69632K, used 53880K [0x0000000705800000, 0x0000000800000000)
  region size 2048K, 13 young (26624K), 1 survivors (2048K)
 Metaspace       used 75896K, committed 76416K, reserved 1179648K
  class space    used 10275K, committed 10496K, reserved 1048576K
}
Event: 4.595 GC heap after
{Heap after GC invocations=20 (full 0):
 garbage-first heap   total 69632K, used 30055K [0x0000000705800000, 0x0000000800000000)
  region size 2048K, 2 young (4096K), 2 survivors (4096K)
 Metaspace       used 75896K, committed 76416K, reserved 1179648K
  class space    used 10275K, committed 10496K, reserved 1048576K
}
Event: 4.836 GC heap before
{Heap before GC invocations=20 (full 0):
 garbage-first heap   total 69632K, used 52583K [0x0000000705800000, 0x0000000800000000)
  region size 2048K, 13 young (26624K), 2 survivors (4096K)
 Metaspace       used 78134K, committed 78656K, reserved 1179648K
  class space    used 10593K, committed 10816K, reserved 1048576K
}
Event: 4.839 GC heap after
{Heap after GC invocations=21 (full 0):
 garbage-first heap   total 90112K, used 31618K [0x0000000705800000, 0x0000000800000000)
  region size 2048K, 2 young (4096K), 2 survivors (4096K)
 Metaspace       used 78134K, committed 78656K, reserved 1179648K
  class space    used 10593K, committed 10816K, reserved 1048576K
}
Event: 27.318 GC heap before
{Heap before GC invocations=21 (full 0):
 garbage-first heap   total 90112K, used 68482K [0x0000000705800000, 0x0000000800000000)
  region size 2048K, 20 young (40960K), 2 survivors (4096K)
 Metaspace       used 83607K, committed 84160K, reserved 1179648K
  class space    used 11277K, committed 11520K, reserved 1048576K
}
Event: 27.323 GC heap after
{Heap after GC invocations=22 (full 0):
 garbage-first heap   total 90112K, used 34660K [0x0000000705800000, 0x0000000800000000)
  region size 2048K, 3 young (6144K), 3 survivors (6144K)
 Metaspace       used 83607K, committed 84160K, reserved 1179648K
  class space    used 11277K, committed 11520K, reserved 1048576K
}
Event: 27.788 GC heap before
{Heap before GC invocations=22 (full 0):
 garbage-first heap   total 90112K, used 69476K [0x0000000705800000, 0x0000000800000000)
  region size 2048K, 20 young (40960K), 3 survivors (6144K)
 Metaspace       used 85163K, committed 85760K, reserved 1179648K
  class space    used 11485K, committed 11776K, reserved 1048576K
}
Event: 27.795 GC heap after
{Heap after GC invocations=23 (full 0):
 garbage-first heap   total 90112K, used 36421K [0x0000000705800000, 0x0000000800000000)
  region size 2048K, 1 young (2048K), 1 survivors (2048K)
 Metaspace       used 85163K, committed 85760K, reserved 1179648K
  class space    used 11485K, committed 11776K, reserved 1048576K
}

